2025-08-24 10:20:29 - MAPS - Sell - PnL: $7768.03
2025-08-24 10:20:59 - GRAM - Hold - PnL: $22720.34
2025-08-24 10:21:29 - FLOKI - Buy - PnL: $54888.49
2025-08-24 10:21:59 - DUST - Hold - PnL: $6893.29
2025-08-24 10:22:29 - GRAM - Sell - PnL: $-3144.54
2025-08-24 10:22:59 - TATA - Sell - PnL: $574.2
2025-08-24 10:23:29 - MEW - Hold - PnL: $26257.44
2025-08-24 10:23:59 - ZBC - Buy - PnL: $-32535.3
2025-08-24 10:24:29 - SLND - Hold - PnL: $-3222.7
2025-08-24 10:24:59 - WIF - Buy - PnL: $-12259.64
2025-08-24 10:25:29 - POPCAT - Buy - PnL: $-189.21
2025-08-24 10:25:59 - POPCAT - Sell - PnL: $4705.2
2025-08-24 10:26:29 - GIGA - Sell - PnL: $15555.35
2025-08-24 10:26:59 - DINGER - Buy - PnL: $-19493.15
2025-08-24 10:27:29 - GIGA - Hold - PnL: $58818.31
2025-08-24 10:27:59 - GRAM - Hold - PnL: $-5041.7
2025-08-24 10:28:29 - RAY - Hold - PnL: $14777.4
2025-08-24 10:28:59 - KIN - Hold - PnL: $-21890.87
2025-08-24 10:29:29 - FIDA - Buy - PnL: $46558.56
2025-08-24 10:29:59 - FIDA - Sell - PnL: $-16286.35
2025-08-24 10:30:29 - TATA - Sell - PnL: $-28678.03
2025-08-24 10:30:59 - STEP - Buy - PnL: $39381.37
2025-08-24 10:31:29 - SHIB - Sell - PnL: $16.88
2025-08-24 10:31:59 - MEW - Sell - PnL: $15494.17
2025-08-24 10:32:29 - BONK - Hold - PnL: $-39519.12
2025-08-24 10:32:59 - DUST - Buy - PnL: $19925.77
2025-08-24 10:33:29 - DUST - Sell - PnL: $-718.46
2025-08-24 10:33:59 - DUEL - Sell - PnL: $-197.28
2025-08-24 10:34:29 - PEPE - Sell - PnL: $37353.55
2025-08-24 10:34:59 - ORCA - Sell - PnL: $36706.86
2025-08-24 10:35:29 - SAMO - Sell - PnL: $-957.18
2025-08-24 10:35:59 - CYS - Hold - PnL: $33491.67
2025-08-24 10:36:29 - HNT - Buy - PnL: $-8873.09
2025-08-24 10:36:59 - ORCA - Sell - PnL: $-45450.11
2025-08-24 10:37:29 - FIDA - Sell - PnL: $10159.93
2025-08-24 10:50:22 - HNT - Buy - PnL: $19781.79
2025-08-24 10:50:52 - DINGER - Sell - PnL: $1341.63
2025-08-24 10:51:22 - FIDA - Hold - PnL: $10560.97
2025-08-24 10:51:52 - SOUP - Sell - PnL: $555.23
2025-08-24 10:52:22 - BOME - Sell - PnL: $-5439.68
2025-08-24 10:52:52 - BOME - Buy - PnL: $-37301.8
2025-08-24 10:53:22 - CYS - Sell - PnL: $10861.77
2025-08-24 10:53:52 - FLOKI - Hold - PnL: $-3854.97
2025-08-24 10:54:22 - GRAM - Hold - PnL: $-37498.77
2025-08-24 10:54:52 - GRAM - Sell - PnL: $-60894.87
2025-08-24 10:55:22 - DUST - Buy - PnL: $10990.06
2025-08-24 10:55:52 - STEP - Sell - PnL: $28087.98
2025-08-24 10:56:22 - BONK - Sell - PnL: $-3490.59
2025-08-24 10:56:52 - DINGER - Sell - PnL: $1859.39
2025-08-24 10:57:22 - BOME - Hold - PnL: $2983.47
2025-08-24 10:57:52 - PENG - Buy - PnL: $-6406.65
2025-08-24 10:58:22 - ATLAS - Hold - PnL: $655.27
2025-08-24 10:58:52 - SRM - Hold - PnL: $8078.68
2025-08-24 10:59:22 - RAY - Hold - PnL: $32221.88
2025-08-24 10:59:52 - KIN - Hold - PnL: $-1781.25
2025-08-24 11:00:22 - FIDA - Hold - PnL: $39450.07
2025-08-24 11:00:52 - MEW - Hold - PnL: $-41213.06
2025-08-24 11:01:22 - BONK - Buy - PnL: $21295.86
2025-08-24 11:01:52 - POPCAT - Sell - PnL: $-8876.83
2025-08-24 11:02:22 - PENG - Buy - PnL: $25692.94
2025-08-24 11:02:52 - PENG - Sell - PnL: $-843.56
2025-08-24 11:03:22 - PEPE - Hold - PnL: $-63764.92
2025-08-24 11:03:52 - ZBC - Buy - PnL: $-3809.41
2025-08-24 11:04:22 - FIDA - Sell - PnL: $-21704.44
2025-08-24 11:04:52 - CYS - Sell - PnL: $-4132.28
2025-08-24 11:05:22 - BONK - Hold - PnL: $-42631.82
2025-08-24 11:05:52 - MAPS - Hold - PnL: $-65725.46
2025-08-24 11:06:22 - DINGER - Sell - PnL: $-954.66
2025-08-24 11:06:52 - CYS - Hold - PnL: $23991.6
2025-08-24 11:07:22 - STEP - Sell - PnL: $4910.61
2025-08-24 11:07:52 - FLOKI - Sell - PnL: $-27236.83
2025-08-24 11:08:22 - SLND - Sell - PnL: $-3966.07
2025-08-24 11:08:52 - TATA - Sell - PnL: $1850.99
2025-08-24 11:09:22 - ZBC - Buy - PnL: $-4070.12
2025-08-24 11:09:52 - RAY - Sell - PnL: $35697.61
2025-08-24 11:10:22 - MAPS - Sell - PnL: $-7364.03
2025-08-24 11:10:52 - SAMO - Buy - PnL: $22152.87
2025-08-24 11:11:22 - DUEL - Buy - PnL: $57945.6
2025-08-24 11:11:52 - FLOKI - Hold - PnL: $-6050.89
2025-08-24 11:12:22 - ZBC - Sell - PnL: $-22796.16
2025-08-24 11:12:52 - SHIB - Sell - PnL: $14415.53
2025-08-24 11:13:22 - MEW - Hold - PnL: $-5232.07
2025-08-24 11:13:52 - POPCAT - Hold - PnL: $-8355.14
2025-08-24 11:14:22 - PEPE - Buy - PnL: $-3459.19
2025-08-24 11:14:52 - SRM - Sell - PnL: $-11480.13
2025-08-24 11:15:22 - GIGA - Sell - PnL: $-19164.44
2025-08-24 11:15:52 - DOGE - Sell - PnL: $-36931.72
2025-08-24 11:16:22 - SLND - Sell - PnL: $-43290.9
2025-08-24 11:16:52 - SLND - Buy - PnL: $3903.84
2025-08-24 11:17:22 - DOGE - Sell - PnL: $-8668.85
2025-08-24 11:17:52 - BONK - Sell - PnL: $-10814.38
2025-08-24 11:18:22 - SHIB - Sell - PnL: $56648.02
2025-08-24 11:18:52 - PENG - Hold - PnL: $-28778.78
2025-08-24 11:19:22 - DUST - Sell - PnL: $20371.46
2025-08-24 11:19:52 - PEPE - Buy - PnL: $32913.57
2025-08-24 11:20:22 - RAY - Sell - PnL: $-2959.61
2025-08-24 11:20:52 - DUEL - Sell - PnL: $-147.79
2025-08-24 11:21:22 - STEP - Hold - PnL: $-56491.08
2025-08-24 11:21:52 - RAY - Sell - PnL: $2397.95
2025-08-24 11:22:22 - STEP - Buy - PnL: $1614.87
2025-08-24 11:22:52 - ORCA - Sell - PnL: $75930.01
2025-08-24 11:23:22 - DINGER - Sell - PnL: $5225.58
2025-08-24 11:23:52 - ORCA - Buy - PnL: $22960.14
2025-08-24 11:24:22 - ZBC - Buy - PnL: $-3013.35
2025-08-24 11:24:52 - HNT - Hold - PnL: $-2350.68
2025-08-24 11:25:22 - TATA - Hold - PnL: $33421.3
2025-08-24 11:25:52 - TATA - Buy - PnL: $-51020.33
2025-08-24 11:26:22 - DINGER - Buy - PnL: $-5514.64
2025-08-24 11:26:52 - DUEL - Buy - PnL: $-32636.48
2025-08-24 11:27:22 - SAMO - Sell - PnL: $-3922.91
2025-08-24 11:27:52 - SAMO - Hold - PnL: $8471.91
2025-08-24 11:28:22 - BOME - Buy - PnL: $-43633.1
2025-08-24 11:28:52 - DINGER - Hold - PnL: $-4683.98
2025-08-24 11:29:22 - SOUP - Buy - PnL: $16341.18
2025-08-24 11:29:52 - SAMO - Sell - PnL: $25510.95
2025-08-24 11:30:22 - MAPS - Buy - PnL: $-33419.21
2025-08-24 11:30:52 - MEW - Buy - PnL: $-9144.13
2025-08-24 11:31:22 - FLOKI - Sell - PnL: $9724.94
2025-08-24 11:31:52 - SLND - Hold - PnL: $-7977.42
2025-08-24 11:32:22 - KIN - Buy - PnL: $6458.85
2025-08-24 11:32:52 - KIN - Sell - PnL: $-40029.95
2025-08-24 11:33:22 - DUST - Sell - PnL: $25557.49
2025-08-24 11:33:52 - BONK - Sell - PnL: $32908.03
2025-08-24 11:34:22 - STEP - Buy - PnL: $-35438.7
2025-08-24 11:34:52 - GIGA - Sell - PnL: $5193.56
2025-08-24 11:35:22 - DUST - Buy - PnL: $50177.82
2025-08-24 11:35:52 - STEP - Buy - PnL: $6110.17
2025-08-24 11:36:22 - ZBC - Buy - PnL: $57608.93
2025-08-24 11:36:52 - PENG - Sell - PnL: $16084.89
2025-08-24 11:37:22 - GIGA - Sell - PnL: $-180.37
2025-08-24 11:37:52 - SRM - Sell - PnL: $11845.36
2025-08-24 11:38:22 - HNT - Hold - PnL: $-22289.88
2025-08-24 11:38:52 - KIN - Sell - PnL: $9019.94
2025-08-24 11:39:22 - ATLAS - Sell - PnL: $-746.47
2025-08-24 11:39:52 - SOUP - Sell - PnL: $-12386.13
2025-08-24 11:40:22 - SLND - Sell - PnL: $-5027.14
2025-08-24 11:40:52 - BONK - Buy - PnL: $-5100.8
2025-08-24 11:41:25 - DOGE - Buy - PnL: $48481.28
2025-08-24 11:41:55 - ZBC - Sell - PnL: $-7221.17
2025-08-24 11:42:25 - POPCAT - Sell - PnL: $11735.04
2025-08-24 11:42:55 - SAMO - Sell - PnL: $38266.57
2025-08-24 11:43:25 - SRM - Buy - PnL: $9876.67
2025-08-24 11:43:55 - SHIB - Hold - PnL: $13683.18
2025-08-24 11:44:25 - MAPS - Buy - PnL: $-16779.49
2025-08-24 11:44:55 - WIF - Sell - PnL: $9957.74
2025-08-24 11:45:25 - BOME - Buy - PnL: $-1623
2025-08-24 11:45:55 - BOME - Sell - PnL: $-16622.83
2025-08-24 11:46:25 - DUST - Buy - PnL: $-8051.4
2025-08-24 11:46:55 - MAPS - Buy - PnL: $-8343.41
2025-08-24 11:47:25 - DOGE - Sell - PnL: $-2580.25
2025-08-24 11:47:55 - ATLAS - Buy - PnL: $9919.97
2025-08-24 11:48:25 - SOUP - Sell - PnL: $-39280.84
2025-08-24 11:48:55 - ATLAS - Sell - PnL: $-52872.75
2025-08-24 11:49:25 - WIF - Buy - PnL: $91.77
2025-08-24 11:49:55 - DINGER - Sell - PnL: $-5076.1
2025-08-24 11:50:25 - SRM - Sell - PnL: $18193.39
2025-08-24 11:50:55 - PEPE - Sell - PnL: $11416.96
2025-08-24 11:51:25 - DUEL - Hold - PnL: $-2785.04
2025-08-24 11:51:55 - STEP - Sell - PnL: $-323.23
2025-08-24 11:52:25 - ZBC - Sell - PnL: $-6255.92
2025-08-24 11:52:55 - SLND - Sell - PnL: $26441.99
2025-08-24 11:53:25 - ORCA - Sell - PnL: $98.86
2025-08-24 11:53:55 - DUEL - Hold - PnL: $620.53
2025-08-24 11:54:25 - BONK - Sell - PnL: $-9430.86
2025-08-24 11:54:55 - PENG - Buy - PnL: $-10650.68
2025-08-24 11:55:25 - ORCA - Buy - PnL: $3946.5
2025-08-24 11:55:55 - PENG - Buy - PnL: $28715.37
2025-08-24 11:56:25 - PEPE - Sell - PnL: $951.77
2025-08-24 11:56:55 - MAPS - Sell - PnL: $2220.82
2025-08-24 11:57:25 - ORCA - Buy - PnL: $3297.8
2025-08-24 11:57:55 - ORCA - Sell - PnL: $-13343.91
2025-08-24 11:58:25 - PENG - Buy - PnL: $-2366.2
2025-08-24 11:58:55 - GRAM - Hold - PnL: $-39797.71
2025-08-24 11:59:25 - ORCA - Sell - PnL: $-2703.67
2025-08-24 11:59:55 - FIDA - Buy - PnL: $-26087.28
2025-08-24 12:00:25 - STEP - Hold - PnL: $-5159.87
2025-08-24 12:00:56 - TATA - Sell - PnL: $-14851.04
2025-08-24 12:01:25 - ORCA - Sell - PnL: $-36270.02
2025-08-24 12:01:55 - DINGER - Hold - PnL: $-44964.51
2025-08-24 12:02:25 - DUST - Buy - PnL: $-34545.54
2025-08-24 12:02:56 - ORCA - Sell - PnL: $-6102.37
2025-08-24 12:03:26 - SOUP - Sell - PnL: $3056.23
2025-08-24 12:03:56 - MAPS - Hold - PnL: $-7085.14
2025-08-24 12:04:26 - HNT - Hold - PnL: $5569.75
2025-08-24 12:04:56 - BONK - Buy - PnL: $7248.73
2025-08-24 12:05:26 - SHIB - Hold - PnL: $824.29
2025-08-24 12:05:56 - RAY - Buy - PnL: $3954.13
2025-08-24 12:06:27 - PENG - Sell - PnL: $19983.42
2025-08-24 12:06:57 - CYS - Buy - PnL: $2377.91
2025-08-24 12:07:27 - STEP - Buy - PnL: $4316.29
2025-08-24 12:07:57 - DOGE - Buy - PnL: $-3219.81
2025-08-24 12:09:24 - DOGE - Buy - PnL: $39353.53
2025-08-24 12:09:53 - RAY - Sell - PnL: $8322.81
2025-08-24 12:10:23 - DOGE - Hold - PnL: $4729.91
2025-08-24 12:10:53 - SRM - Hold - PnL: $11413.57
2025-08-24 12:11:28 - STEP - Buy - PnL: $-8504.58
2025-08-24 12:11:53 - TATA - Sell - PnL: $10809.2
2025-08-24 12:12:23 - GIGA - Buy - PnL: $5282.78
2025-08-24 12:12:53 - DINGER - Buy - PnL: $21450.55
2025-08-24 12:13:23 - POPCAT - Hold - PnL: $17495.08
2025-08-24 12:13:53 - ZBC - Buy - PnL: $-1597.6
2025-08-24 12:14:23 - DOGE - Sell - PnL: $28503.31
2025-08-24 12:14:56 - WIF - Hold - PnL: $116.76
2025-08-24 12:15:25 - ORCA - Sell - PnL: $-1576.02
2025-08-24 12:15:55 - ZBC - Sell - PnL: $-4418.14
2025-08-24 12:16:25 - DOGE - Sell - PnL: $-1516.89
2025-08-24 12:16:55 - ATLAS - Sell - PnL: $-2320.02
2025-08-24 12:17:25 - PENG - Buy - PnL: $26636.83
2025-08-24 12:17:55 - DINGER - Hold - PnL: $-2642.66
2025-08-24 12:18:26 - PEPE - Sell - PnL: $-24797.64
2025-08-24 12:18:55 - CYS - Sell - PnL: $-26285.54
2025-08-24 12:19:25 - RAY - Hold - PnL: $26407.9
2025-08-24 12:19:55 - DUST - Hold - PnL: $-7118.8
2025-08-24 12:20:26 - PEPE - Sell - PnL: $-28535.89
2025-08-24 12:20:56 - CYS - Sell - PnL: $-1162.78
2025-08-24 12:21:26 - DINGER - Sell - PnL: $44109.82
2025-08-24 12:21:56 - DUEL - Sell - PnL: $53679.17
2025-08-24 12:22:26 - HNT - Buy - PnL: $5605.37
2025-08-24 12:22:56 - DINGER - Sell - PnL: $10424.22
2025-08-24 12:23:26 - GRAM - Hold - PnL: $-57808.92
2025-08-24 12:23:56 - HNT - Sell - PnL: $30880.59
2025-08-24 12:24:26 - MEW - Hold - PnL: $34490.05
2025-08-24 12:24:56 - PEPE - Sell - PnL: $5.08
2025-08-24 12:25:26 - KIN - Buy - PnL: $4393.03
2025-08-24 12:25:56 - MEW - Sell - PnL: $38239.85
2025-08-24 12:26:26 - KIN - Buy - PnL: $-5968.32
2025-08-24 12:26:56 - ORCA - Sell - PnL: $-3205.08
2025-08-24 12:27:26 - SOUP - Sell - PnL: $18029.58
2025-08-24 12:27:56 - WIF - Hold - PnL: $-9110.6
2025-08-24 12:28:26 - ORCA - Sell - PnL: $30697.28
2025-08-24 12:28:56 - GIGA - Sell - PnL: $118.08
2025-08-24 12:29:26 - RAY - Sell - PnL: $3576.82
2025-08-24 12:29:56 - TATA - Sell - PnL: $3527.97
2025-08-24 12:30:26 - DUST - Sell - PnL: $-38439.84
2025-08-24 12:30:56 - MEW - Buy - PnL: $4797.02
2025-08-24 12:31:26 - KIN - Buy - PnL: $-3604.85
2025-08-24 12:31:56 - DINGER - Sell - PnL: $45287.45
2025-08-24 12:32:26 - HNT - Sell - PnL: $-891.29
2025-08-24 12:32:56 - PENG - Hold - PnL: $-9510.68
2025-08-24 12:33:26 - SRM - Buy - PnL: $-4205.64
2025-08-24 12:33:56 - STEP - Sell - PnL: $-13216.19
2025-08-24 12:34:27 - DINGER - Hold - PnL: $-8750.39
2025-08-24 12:34:56 - FIDA - Sell - PnL: $-2744.47
2025-08-24 12:35:26 - STEP - Hold - PnL: $63.97
2025-08-24 12:35:56 - PEPE - Buy - PnL: $40947.85
2025-08-24 12:36:26 - ORCA - Buy - PnL: $-2052.71
2025-08-24 12:36:56 - RAY - Sell - PnL: $14319.12
2025-08-24 12:37:26 - BOME - Hold - PnL: $12696.29
2025-08-24 12:37:56 - GIGA - Hold - PnL: $-5451.63
2025-08-24 12:38:26 - KIN - Hold - PnL: $51064.05
2025-08-24 12:38:56 - FIDA - Hold - PnL: $-12287.71
2025-08-24 12:39:26 - FIDA - Sell - PnL: $42337.36
2025-08-24 12:39:56 - WIF - Sell - PnL: $-1596.71
2025-08-24 12:40:26 - GIGA - Buy - PnL: $44499.98
2025-08-24 12:40:56 - HNT - Sell - PnL: $-3507.16
2025-08-24 12:41:27 - STEP - Hold - PnL: $-803.56
2025-08-24 12:41:57 - ATLAS - Sell - PnL: $-5886.02
2025-08-24 12:42:27 - WIF - Hold - PnL: $-1270.12
2025-08-24 12:42:57 - POPCAT - Hold - PnL: $-54296.66
2025-08-24 12:43:27 - SLND - Sell - PnL: $13256.56
2025-08-24 12:43:57 - WIF - Hold - PnL: $-33674.12
2025-08-24 12:44:27 - GRAM - Sell - PnL: $37600.03
2025-08-24 12:44:57 - ATLAS - Buy - PnL: $4793.12
2025-08-24 12:45:27 - ATLAS - Buy - PnL: $6185.66
2025-08-24 12:45:57 - BOME - Hold - PnL: $73.22
2025-08-24 12:46:27 - STEP - Hold - PnL: $-17637.42
2025-08-24 12:46:57 - SAMO - Hold - PnL: $-4771.5
2025-08-24 12:47:27 - SRM - Sell - PnL: $5265.86
2025-08-24 12:47:57 - POPCAT - Sell - PnL: $-19622.4
2025-08-24 12:48:27 - ATLAS - Hold - PnL: $-21098.22
2025-08-24 12:48:57 - KIN - Hold - PnL: $-44449.99
2025-08-24 12:49:27 - TATA - Sell - PnL: $-576.44
2025-08-24 12:49:57 - POPCAT - Buy - PnL: $-18354.68
2025-08-24 12:50:27 - SAMO - Sell - PnL: $35976.79
2025-08-24 12:50:57 - RAY - Hold - PnL: $-19690.09
2025-08-24 12:51:27 - FLOKI - Sell - PnL: $18205.67
2025-08-24 12:51:57 - KIN - Sell - PnL: $7159.79
2025-08-24 12:52:27 - SHIB - Buy - PnL: $-2980.6
2025-08-24 12:52:57 - MAPS - Sell - PnL: $15698.76
2025-08-24 12:53:27 - DUST - Sell - PnL: $-35377.17
2025-08-24 12:53:57 - ORCA - Buy - PnL: $10319.1
2025-08-24 12:54:27 - ORCA - Hold - PnL: $480.81
2025-08-24 12:54:57 - GIGA - Sell - PnL: $9810.17
2025-08-24 12:55:27 - TATA - Buy - PnL: $23195.4
2025-08-24 12:55:57 - ORCA - Sell - PnL: $-7421.95
2025-08-24 13:03:24 - undefined - Sell - PnL: $undefined
2025-08-24 13:03:54 - undefined - Buy - PnL: $undefined
2025-08-24 13:04:24 - undefined - Sell - PnL: $undefined
2025-08-24 13:04:54 - undefined - Buy - PnL: $undefined
2025-08-24 13:05:25 - undefined - Buy - PnL: $undefined
2025-08-24 13:05:55 - undefined - Buy - PnL: $undefined
2025-08-24 13:11:46 - undefined - Buy - PnL: $undefined
2025-08-24 13:12:16 - undefined - Sell - PnL: $undefined
2025-08-24 13:12:46 - undefined - Buy - PnL: $undefined
2025-08-24 13:13:17 - undefined - Buy - PnL: $undefined
2025-08-24 13:13:47 - undefined - Buy - PnL: $undefined
2025-08-24 13:14:17 - undefined - Sell - PnL: $undefined
2025-08-24 13:14:48 - undefined - Buy - PnL: $undefined
2025-08-24 13:15:18 - undefined - Hold - PnL: $undefined
2025-08-24 13:15:48 - undefined - Buy - PnL: $undefined
2025-08-24 13:16:18 - undefined - Sell - PnL: $undefined
2025-08-24 13:16:49 - undefined - Sell - PnL: $undefined
2025-08-24 13:17:19 - undefined - Hold - PnL: $undefined
2025-08-24 13:17:49 - undefined - Sell - PnL: $undefined
2025-08-24 13:18:19 - undefined - Sell - PnL: $undefined
2025-08-24 13:18:49 - undefined - Hold - PnL: $undefined
2025-08-24 13:19:20 - undefined - Sell - PnL: $undefined
2025-08-24 13:19:50 - undefined - Hold - PnL: $undefined
2025-08-24 13:20:20 - undefined - Buy - PnL: $undefined
2025-08-24 13:20:50 - undefined - Buy - PnL: $undefined
2025-08-24 13:21:21 - undefined - Buy - PnL: $undefined
2025-08-24 13:21:51 - undefined - Sell - PnL: $undefined
2025-08-24 13:22:59 - undefined - Sell - PnL: $undefined
2025-08-24 13:23:30 - undefined - Buy - PnL: $undefined
2025-08-24 13:24:00 - undefined - Sell - PnL: $undefined
2025-08-24 13:24:31 - undefined - Buy - PnL: $undefined
2025-08-24 13:25:01 - undefined - Buy - PnL: $undefined
2025-08-24 13:25:31 - undefined - Hold - PnL: $undefined
2025-08-24 13:26:01 - undefined - Sell - PnL: $undefined
2025-08-24 13:26:32 - undefined - Hold - PnL: $undefined
2025-08-24 13:27:02 - undefined - Buy - PnL: $undefined
2025-08-24 13:27:32 - undefined - Hold - PnL: $undefined
2025-08-24 13:28:02 - undefined - Buy - PnL: $undefined
2025-08-24 13:28:33 - undefined - Buy - PnL: $undefined
2025-08-24 13:29:03 - undefined - Sell - PnL: $undefined
2025-08-24 13:33:04 - undefined - Buy - PnL: $undefined
2025-08-24 13:33:34 - undefined - Sell - PnL: $undefined
2025-08-24 13:34:05 - undefined - Sell - PnL: $undefined
2025-08-24 13:35:53 - undefined - Hold - PnL: $undefined
2025-08-24 13:36:23 - undefined - Sell - PnL: $undefined
2025-08-24 13:36:54 - undefined - Buy - PnL: $undefined
2025-08-24 13:37:24 - undefined - Hold - PnL: $undefined
2025-08-24 13:37:54 - undefined - Hold - PnL: $undefined
2025-08-24 13:38:24 - undefined - Buy - PnL: $undefined
2025-08-24 13:38:55 - undefined - Sell - PnL: $undefined
2025-08-24 13:46:51 - undefined - Sell - PnL: $undefined
2025-08-24 13:47:21 - undefined - Hold - PnL: $undefined
2025-08-24 13:47:51 - undefined - Sell - PnL: $undefined
2025-08-24 13:48:21 - undefined - Buy - PnL: $undefined
2025-08-24 13:48:52 - undefined - Hold - PnL: $undefined
2025-08-24 13:49:22 - undefined - Sell - PnL: $undefined
2025-08-24 13:49:52 - undefined - Sell - PnL: $undefined
2025-08-24 13:50:22 - undefined - Hold - PnL: $undefined
2025-08-24 13:50:52 - undefined - Sell - PnL: $undefined
2025-08-24 13:51:23 - undefined - Buy - PnL: $undefined
2025-08-24 13:51:53 - undefined - Hold - PnL: $undefined
2025-08-24 13:52:23 - undefined - Buy - PnL: $undefined
2025-08-24 13:52:54 - undefined - Sell - PnL: $undefined
2025-08-24 13:53:24 - undefined - Sell - PnL: $undefined
2025-08-24 13:53:54 - undefined - Sell - PnL: $undefined
2025-08-24 13:54:24 - undefined - Sell - PnL: $undefined
2025-08-24 13:54:55 - undefined - Buy - PnL: $undefined
2025-08-24 13:55:25 - undefined - Buy - PnL: $undefined
2025-08-24 13:55:55 - undefined - Sell - PnL: $undefined
2025-08-24 13:56:25 - undefined - Hold - PnL: $undefined
2025-08-24 13:56:56 - undefined - Sell - PnL: $undefined
2025-08-24 13:57:26 - undefined - Sell - PnL: $undefined
2025-08-24 13:57:56 - undefined - Buy - PnL: $undefined
2025-08-24 13:58:26 - undefined - Sell - PnL: $undefined
2025-08-24 13:58:57 - undefined - Hold - PnL: $undefined
2025-08-24 13:59:27 - undefined - Sell - PnL: $undefined
2025-08-24 13:59:57 - undefined - Buy - PnL: $undefined
2025-08-24 14:00:27 - undefined - Buy - PnL: $undefined
2025-08-24 14:00:58 - undefined - Sell - PnL: $undefined
2025-08-24 14:01:28 - undefined - Hold - PnL: $undefined
2025-08-24 14:01:58 - undefined - Buy - PnL: $undefined
2025-08-24 14:02:28 - undefined - Sell - PnL: $undefined
2025-08-24 14:02:59 - undefined - Buy - PnL: $undefined
2025-08-24 14:03:29 - undefined - Sell - PnL: $undefined
2025-08-24 14:03:59 - undefined - Sell - PnL: $undefined
2025-08-24 14:04:30 - undefined - Buy - PnL: $undefined
2025-08-24 14:05:08 - undefined - Buy - PnL: $undefined
2025-08-24 14:05:38 - undefined - Hold - PnL: $undefined
2025-08-24 14:06:08 - undefined - Hold - PnL: $undefined
2025-08-24 14:06:39 - undefined - Sell - PnL: $undefined
2025-08-24 14:07:09 - undefined - Buy - PnL: $undefined
2025-08-24 14:07:39 - undefined - Buy - PnL: $undefined
2025-08-24 14:08:09 - undefined - Buy - PnL: $undefined
2025-08-24 14:08:40 - undefined - Hold - PnL: $undefined
2025-08-24 14:09:10 - undefined - Hold - PnL: $undefined
2025-08-24 14:09:40 - undefined - Buy - PnL: $undefined
2025-08-24 14:10:10 - undefined - Sell - PnL: $undefined
2025-08-24 14:10:41 - undefined - Sell - PnL: $undefined
2025-08-24 14:11:37 - floki - Hold - PnL: $5.58
2025-08-24 14:12:08 - bonfida - Hold - PnL: $118.29
2025-08-24 14:12:38 - orca - Sell - PnL: $-63.95
2025-08-24 14:13:08 - popcat - Sell - PnL: $28.13
2025-08-24 14:13:39 - floki - Sell - PnL: $-109.92
2025-08-24 14:14:09 - raydium - Buy - PnL: $302.58
2025-08-24 14:15:31 - tata - Hold - PnL: $-122.32
2025-08-24 15:05:15 - helium - Buy - PnL: $-14.91
2025-08-24 15:05:46 - bonfida - Sell - PnL: $72.56
2025-08-24 15:06:16 - samoyedcoin - Sell - PnL: $-129.18
2025-08-24 15:06:46 - dingo - Buy - PnL: $14.1
2025-08-24 15:14:12 - popcat - Buy - PnL: $197.27
2025-08-24 15:14:42 - tata - Hold - PnL: $134.89
2025-08-24 15:15:12 - cyclone - Hold - PnL: $7.13
2025-08-24 15:15:43 - tata - Hold - PnL: $17.48
2025-08-24 15:16:13 - penguin - Hold - PnL: $-71.91
2025-08-24 15:39:45 - gram - Buy - PnL: $167.72
2025-08-24 15:40:15 - shiba-inu - Hold - PnL: $277.7
2025-08-24 15:40:45 - duel - Buy - PnL: $-261.35
2025-08-24 15:41:16 - helium - Buy - PnL: $-678.01
2025-08-24 15:41:46 - dust - Sell - PnL: $-1.72
2025-08-24 15:42:16 - serum - Sell - PnL: $13.52
2025-08-24 15:42:47 - pepe - Buy - PnL: $-3.99
2025-08-24 15:43:17 - cyclone - Buy - PnL: $-220.42
2025-08-24 15:43:47 - star-atlas - Buy - PnL: $-103.49
2025-08-24 15:44:18 - floki - Sell - PnL: $3.4
2025-08-24 15:44:48 - mew - Sell - PnL: $58.57
2025-08-24 15:45:18 - star-atlas - Buy - PnL: $437.12
2025-08-24 15:45:49 - kin - Buy - PnL: $73.05
2025-08-24 15:46:19 - serum - Sell - PnL: $15.24
2025-08-24 15:46:49 - pepe - Sell - PnL: $-59.88
2025-08-24 15:47:19 - dingo - Hold - PnL: $43.39
2025-08-24 15:47:50 - shiba-inu - Sell - PnL: $179.45
2025-08-24 15:48:20 - solanadream - Hold - PnL: $-22.62
2025-08-24 15:48:50 - zebec - Buy - PnL: $17.37
2025-08-24 15:49:21 - star-atlas - Buy - PnL: $7.51
2025-08-24 15:49:51 - gram - Sell - PnL: $31.86
2025-08-24 15:50:21 - helium - Buy - PnL: $136.21
2025-08-24 15:50:51 - dogecoin - Hold - PnL: $51.65
2025-08-24 15:51:22 - dust - Buy - PnL: $58.66
2025-08-24 15:51:52 - duel - Sell - PnL: $98.32
2025-08-24 15:52:22 - book-of-meme - Hold - PnL: $-35.09
2025-08-24 15:52:53 - dogecoin - Buy - PnL: $-65.06
2025-08-24 15:53:23 - orca - Sell - PnL: $100.5
2025-08-24 15:53:53 - pepe - Sell - PnL: $-287.29
2025-08-24 15:54:23 - serum - Sell - PnL: $-42.43
2025-08-24 15:54:54 - helium - Buy - PnL: $-67.18
2025-08-24 15:55:24 - floki - Buy - PnL: $0
2025-08-24 15:55:54 - maps - Buy - PnL: $51.62
2025-08-24 15:56:24 - dogecoin - Sell - PnL: $121.44
2025-08-24 15:56:55 - duel - Sell - PnL: $-179.1
2025-08-24 16:02:26 - soup - Sell - PnL: $-37.34
2025-08-24 16:02:56 - serum - Sell - PnL: $9.13
2025-08-24 16:03:27 - popcat - Buy - PnL: $-395.32
2025-08-24 16:03:57 - floki - Hold - PnL: $-267.87
2025-08-24 16:04:27 - floki - Buy - PnL: $-0.03
2025-08-24 16:04:57 - kin - Buy - PnL: $-2.62
2025-08-24 16:05:28 - wuffi - Hold - PnL: $222.45
2025-08-24 16:05:58 - gram - Hold - PnL: $-286.12
2025-08-24 16:06:28 - book-of-meme - Hold - PnL: $0.77
2025-08-24 16:06:58 - samoyedcoin - Buy - PnL: $-52.78
2025-08-24 16:07:29 - bonfida - Sell - PnL: $-40.8
2025-08-24 16:07:59 - step-finance - Sell - PnL: $-8.52
2025-08-24 16:08:29 - bonfida - Buy - PnL: $9.38
2025-08-24 16:08:59 - solanadream - Buy - PnL: $17.68
2025-08-24 16:09:30 - orca - Hold - PnL: $-14.95
2025-08-24 16:10:00 - raydium - Sell - PnL: $446.32
2025-08-24 16:10:31 - soup - Sell - PnL: $-0.68
2025-08-24 16:11:01 - gram - Buy - PnL: $-14.74
2025-08-24 16:11:31 - dust - Hold - PnL: $29.23
2025-08-24 16:12:01 - dingo - Hold - PnL: $-45.38
2025-08-24 16:12:32 - raydium - Sell - PnL: $103.7
2025-08-24 16:13:02 - mew - Hold - PnL: $55.27
2025-08-24 16:13:32 - dogecoin - Buy - PnL: $-103.96
2025-08-24 16:14:02 - shiba-inu - Hold - PnL: $-57.96
2025-08-24 16:14:33 - kin - Buy - PnL: $50.92
2025-08-24 16:15:03 - gigachad - Sell - PnL: $-0.31
2025-08-24 16:15:33 - step-finance - Hold - PnL: $-150.98
2025-08-24 16:16:03 - duel - Sell - PnL: $-218.73
2025-08-24 16:16:33 - cyclone - Buy - PnL: $-158.7
2025-08-24 16:17:04 - bonfida - Buy - PnL: $-330.83
2025-08-24 16:17:34 - penguin - Buy - PnL: $-350.97
2025-08-24 16:18:04 - dogecoin - Hold - PnL: $351.95
2025-08-24 16:18:34 - tata - Hold - PnL: $6.73
2025-08-24 16:19:04 - dingo - Hold - PnL: $1.81
2025-08-24 16:19:35 - dust - Sell - PnL: $104.66
2025-08-24 16:20:05 - gram - Sell - PnL: $-280.38
2025-08-24 16:20:35 - gigachad - Buy - PnL: $-208.66
2025-08-24 16:21:05 - shiba-inu - Hold - PnL: $-237.72
2025-08-24 16:21:36 - helium - Buy - PnL: $-22.85
2025-08-24 16:22:06 - solanadream - Buy - PnL: $-344.26
2025-08-24 16:22:36 - kin - Sell - PnL: $-8.02
2025-08-24 16:23:06 - pepe - Buy - PnL: $-180.55
2025-08-24 16:23:37 - book-of-meme - Buy - PnL: $-63.2
2025-08-24 16:24:07 - samoyedcoin - Sell - PnL: $-11.46
2025-08-24 16:24:37 - zebec - Sell - PnL: $-85.83
2025-08-24 16:25:07 - zebec - Buy - PnL: $-193.77
2025-08-24 16:25:37 - raydium - Buy - PnL: $217.64
2025-08-24 16:26:08 - gram - Sell - PnL: $-36.95
2025-08-24 16:26:38 - popcat - Sell - PnL: $-129.46
2025-08-24 16:27:08 - floki - Hold - PnL: $-162.16
2025-08-24 16:27:38 - solanadream - Buy - PnL: $374.36
2025-08-24 16:28:09 - serum - Sell - PnL: $-6.02
2025-08-24 16:28:39 - maps - Hold - PnL: $-3.35
2025-08-24 16:29:09 - bonk - Sell - PnL: $-218.07
2025-08-24 16:29:39 - step-finance - Buy - PnL: $155.24
2025-08-24 16:30:09 - pepe - Buy - PnL: $-13.41
2025-08-24 16:30:40 - maps - Sell - PnL: $234.72
2025-08-24 16:31:10 - bonfida - Buy - PnL: $3.87
2025-08-24 16:31:40 - bonk - Hold - PnL: $26.61
2025-08-24 16:32:10 - dogecoin - Buy - PnL: $430.79
2025-08-24 16:32:41 - serum - Buy - PnL: $37.39
2025-08-24 16:33:11 - zebec - Sell - PnL: $-418.51
2025-08-24 16:33:41 - star-atlas - Sell - PnL: $18.35
2025-08-24 16:34:11 - book-of-meme - Sell - PnL: $3.88
2025-08-24 16:34:42 - shiba-inu - Buy - PnL: $-287
2025-08-24 16:35:12 - wuffi - Buy - PnL: $-238.05
2025-08-24 16:35:42 - helium - Hold - PnL: $-386.61
2025-08-24 16:36:12 - soup - Buy - PnL: $-9.29
2025-08-24 16:36:43 - gigachad - Sell - PnL: $460.86
2025-08-24 16:37:13 - helium - Sell - PnL: $17.44
2025-08-24 16:37:43 - mew - Hold - PnL: $33.72
2025-08-24 16:38:13 - orca - Hold - PnL: $8.1
2025-08-24 16:38:44 - solanadream - Sell - PnL: $173.33
2025-08-24 16:39:14 - samoyedcoin - Hold - PnL: $-8.36
2025-08-24 16:39:44 - floki - Sell - PnL: $-11.71
2025-08-24 16:40:14 - bonk - Buy - PnL: $2.17
2025-08-24 16:40:45 - floki - Sell - PnL: $-25.49
2025-08-24 16:41:15 - pepe - Sell - PnL: $48.85
